<?xml version="1.0" encoding="UTF-8"?>
<!-- Generated by org.testng.reporters.JUnitReportReporter -->
<testsuite hostname="DESKTOP-L5DVI5P" failures="0" tests="1" name="atoz" time="667.661" errors="0" timestamp="15 Feb 2022 21:56:06 GMT" skipped="0">
  <testcase classname="atoz" name="Brecipe" time="667.661"/>
</testsuite> <!-- atoz -->
