<?xml version="1.0" encoding="UTF-8"?>
<!-- Generated by org.testng.reporters.JUnitReportReporter -->
<testsuite hostname="DESKTOP-L5DVI5P" failures="0" tests="1" name="NewTest" time="1327.578" errors="0" timestamp="15 Feb 2022 21:38:05 GMT" skipped="0">
  <testcase classname="NewTest" name="Webscrapping" time="1327.578"/>
</testsuite> <!-- NewTest -->
